<?xml version="1.0" encoding="UTF-8"?>
<!-- Generated by org.testng.reporters.JUnitReportReporter -->
<testsuite hostname="hp" failures="0" tests="1" name="com.priceComparator.testscript.PriceComparator" time="55.383" errors="0" timestamp="2023-07-28T09:46:43 IST" skipped="0">
  <testcase classname="com.priceComparator.testscript.PriceComparator" name="testDemo" time="55.383"/>
  <system-out/>
</testsuite> <!-- com.priceComparator.testscript.PriceComparator -->
